<?xml version="1.0" encoding="UTF-8"?>
<!-- Generated by org.testng.reporters.JUnitReportReporter -->
<testsuite hostname="DESKTOP-IGNECAP" failures="0" tests="2" name="com.mycompany.app.AppiumTest" time="0.006" errors="0" timestamp="2020-04-07T23:17:44 IST" skipped="0">
  <testcase classname="com.mycompany.app.AppiumTest" name="browserAppiumTest" time="0.001"/>
  <system-out/>
  <testcase classname="com.mycompany.app.AppiumTest" name="browserAppiumAutomationTest" time="0.005"/>
  <system-out/>
</testsuite> <!-- com.mycompany.app.AppiumTest -->
